C51 COMPILER V9.60.0.0   MAIN                                                              09/18/2022 22:39:41 PAGE 1   


C51 COMPILER V9.60.0.0, COMPILATION OF MODULE MAIN
OBJECT MODULE PLACED IN main.OBJ
COMPILER INVOKED BY: C:\Keil_v5\C51\BIN\C51.EXE main.c OPTIMIZE(8,SPEED) BROWSE DEBUG OBJECTEXTEND TABS(2)

line level    source

   1          #include <reg51.h>
   2          #include <string.h>
   3          #include <stdio.h>
   4          #include <stdlib.h>
   5          #include "LCD16x2_4bit.h"
   6          
   7          sbit DHT11 = P3^7;
   8          int x, i, j = 0;
   9          int n_Hum, d_Hum, n_Tem, d_Tem, sum;
  10          // 31.4  <=> n=31, d=4
  11          
  12          void delay_ms(t){
  13   1          for (i = 0; i < t; i++){
  14   2              for(j = 0; j < 115 ; j++){
  15   3                  ;
  16   3              };
  17   2          };
  18   1      }
  19          
  20          void delay_30us(){
  21   1          TMOD = 0x01;    
  22   1          TH0 = 0xFF;     
  23   1          TL0 = 0xF1;     
  24   1          TR0 = 1;        
  25   1          while(TF0 == 0);
  26   1          TR0 = 0;        
  27   1          TF0 = 0;    
  28   1      } 
  29          
  30          void Req(){
  31   1        DHT11 = 0;        
  32   1        delay_ms(20);
  33   1        DHT11 = 1;        
  34   1      }
  35          
  36          void Res(){
  37   1        while(DHT11==1);
  38   1        while(DHT11==0);
  39   1        while(DHT11==1);
  40   1      }
  41          
  42          int Recv_data() {
  43   1        int q,c=0;  
  44   1        for (q=0; q<8; q++){
  45   2          while(DHT11==0);    
  46   2          delay_30us();
  47   2          if(DHT11 == 1)      
  48   2              c = (c<<1)|(0x01);  
  49   2          else                
  50   2              c = (c<<1);
  51   2          while(DHT11==1);
  52   2        }
  53   1        return c;
  54   1      }
  55          
C51 COMPILER V9.60.0.0   MAIN                                                              09/18/2022 22:39:41 PAGE 2   

  56          void main()
  57          {
  58   1        unsigned char data_log[20];
  59   1        LCD_Init();           
  60   1        
  61   1      while(1)
  62   1        {   
  63   2          Req();            
  64   2          Res();            
  65   2          
  66   2          n_Hum = Recv_data();    /* store first eight bit in I_RH */   
  67   2          d_Hum = Recv_data();    /* store next eight bit in D_RH */  
  68   2          n_Tem = Recv_data();  /* store next eight bit in I_Temp */
  69   2          d_Tem = Recv_data();  /* store next eight bit in D_Temp */
  70   2          sum = Recv_data();/* store next eight bit in CheckSum */
  71   2        
  72   2          if ((n_Hum + d_Hum + n_Tem + d_Tem) != sum)
  73   2          {
  74   3            LCD_String_xy(0,0,"Error");
  75   3          }
  76   2          
  77   2          else
  78   2          {
  79   3            sprintf(data_log,"Hum : %d.%d",n_Hum ,d_Hum);
  80   3            LCD_String_xy(0,0,data_log);
  81   3            LCD_Char(0xFE);
  82   3            LCD_String("%");
  83   3            sprintf(data_log,"ok!");
  84   3            LCD_String_xy(0,13,data_log);
  85   3            sprintf(data_log,"Tem : %d.%d",n_Tem,d_Tem);   
  86   3            LCD_String_xy(1,0,data_log);
  87   3            LCD_Char(0xDF);
  88   3            LCD_String("C");
  89   3            memset(data_log,0,20);
  90   3            if( x == 4 )  x = 0;
  91   3            if( x == 0 ) sprintf(data_log,".");
  92   3            if( x == 1 ) sprintf(data_log,"..");
  93   3            if( x == 2 ) sprintf(data_log,"...");
  94   3            if( x == 3 ) {
  95   4              sprintf(data_log,"   ");
  96   4            }
  97   3            LCD_String_xy(1,13,data_log);
  98   3            x++;
  99   3          }   
 100   2          delay(1000);
 101   2        } 
 102   1      }
 103          
 104          


MODULE INFORMATION:   STATIC OVERLAYABLE
   CODE SIZE        =    528    ----
   CONSTANT SIZE    =     51    ----
   XDATA SIZE       =   ----    ----
   PDATA SIZE       =   ----    ----
   DATA SIZE        =     16      20
   IDATA SIZE       =   ----    ----
   BIT SIZE         =   ----    ----
END OF MODULE INFORMATION.


C51 COMPILATION COMPLETE.  0 WARNING(S),  0 ERROR(S)
